#
# There is insufficient memory for the Java Runtime Environment to continue.
# Native memory allocation (malloc) failed to allocate 171376 bytes for Chunk::new
# Possible reasons:
#   The system is out of physical RAM or swap space
#   The process is running with CompressedOops enabled, and the Java Heap may be blocking the growth of the native heap
# Possible solutions:
#   Reduce memory load on the system
#   Increase physical memory or swap space
#   Check if swap backing store is full
#   Decrease Java heap size (-Xmx/-Xms)
#   Decrease number of Java threads
#   Decrease Java thread stack sizes (-Xss)
#   Set larger code cache with -XX:ReservedCodeCacheSize=
#   JVM is running with Unscaled Compressed Oops mode in which the Java heap is
#     placed in the first 4GB address space. The Java Heap base address is the
#     maximum limit for the native heap growth. Please use -XX:HeapBaseMinAddress
#     to set the Java Heap base and to place the Java Heap above 4GB virtual address.
# This output file may be truncated or incomplete.
#
#  Out of Memory Error (arena.cpp:189), pid=14248, tid=15272
#
# JRE version: OpenJDK Runtime Environment Microsoft-6841604 (17.0.5+8) (build 17.0.5+8-LTS)
# Java VM: OpenJDK 64-Bit Server VM Microsoft-6841604 (17.0.5+8-LTS, mixed mode, sharing, tiered, compressed oops, compressed class ptrs, g1 gc, windows-amd64)
# No core dump will be written. Minidumps are not enabled by default on client versions of Windows
#

---------------  S U M M A R Y ------------

Command Line: -Dclassworlds.conf=E:\apache-maven-3.6.3\bin\..\bin\m2.conf -Dmaven.home=E:\apache-maven-3.6.3\bin\.. -Dlibrary.jansi.path=E:\apache-maven-3.6.3\bin\..\lib\jansi-native -Dmaven.multiModuleProjectDirectory=d:\Espacio de trabajo\Paginas web\Cruds canasta org.codehaus.plexus.classworlds.launcher.Launcher -s E:\apache-maven-3.6.3\conf\settings.xml clean -f d:\Espacio de trabajo\Paginas web\Cruds canasta\pom.xml

Host: Intel(R) Core(TM) i5-10300H CPU @ 2.50GHz, 8 cores, 7G,  Windows 11 , 64 bit Build 22621 (10.0.22621.1105)
Time: Thu Jan 19 12:06:12 2023 Hora estándar de Cuba elapsed time: 0.339246 seconds (0d 0h 0m 0s)

---------------  T H R E A D  ---------------

Current thread (0x00000153ba662850):  JavaThread "C2 CompilerThread2" daemon [_thread_in_native, id=15272, stack(0x0000002089700000,0x0000002089800000)]


Current CompileTask:
C2:    339  899       4       sun.nio.cs.StreamDecoder::implRead (243 bytes)

Stack: [0x0000002089700000,0x0000002089800000]
Native frames: (J=compiled Java code, j=interpreted, Vv=VM code, C=native code)
V  [jvm.dll+0x67b2aa]
V  [jvm.dll+0x8363d4]
V  [jvm.dll+0x837b7e]
V  [jvm.dll+0x8381e3]
V  [jvm.dll+0x2463c5]
V  [jvm.dll+0xabd3c]
V  [jvm.dll+0xac30c]
V  [jvm.dll+0x365842]
V  [jvm.dll+0x32fec1]
V  [jvm.dll+0x32f36a]
V  [jvm.dll+0x219291]
V  [jvm.dll+0x2186b1]
V  [jvm.dll+0x1a37c5]
V  [jvm.dll+0x22807a]
V  [jvm.dll+0x2261d5]
V  [jvm.dll+0x7ebd5c]
V  [jvm.dll+0x7e62ca]
V  [jvm.dll+0x67a155]
C  [ucrtbase.dll+0x29363]
C  [KERNEL32.DLL+0x126bd]
C  [ntdll.dll+0x5dfb8]


---------------  P R O C E S S  ---------------

Threads class SMR info:
_java_thread_list=0x00000153ba585900, length=14, elements={
0x0000015398e7cad0, 0x00000153b9197090, 0x00000153b9198070, 0x00000153b91b4270,
0x00000153b91b4b50, 0x00000153b91b6120, 0x00000153b91ba6f0, 0x00000153b91bb090,
0x00000153b91bb740, 0x00000153b91bbd40, 0x00000153b9d06ad0, 0x00000153b9d0d180,
0x00000153b9e6c210, 0x00000153ba662850
}

Java Threads: ( => current thread )
  0x0000015398e7cad0 JavaThread "main" [_thread_in_vm, id=16016, stack(0x0000002088300000,0x0000002088400000)]
  0x00000153b9197090 JavaThread "Reference Handler" daemon [_thread_blocked, id=7676, stack(0x0000002088a00000,0x0000002088b00000)]
  0x00000153b9198070 JavaThread "Finalizer" daemon [_thread_blocked, id=11880, stack(0x0000002088b00000,0x0000002088c00000)]
  0x00000153b91b4270 JavaThread "Signal Dispatcher" daemon [_thread_blocked, id=15976, stack(0x0000002088c00000,0x0000002088d00000)]
  0x00000153b91b4b50 JavaThread "Attach Listener" daemon [_thread_blocked, id=9400, stack(0x0000002088d00000,0x0000002088e00000)]
  0x00000153b91b6120 JavaThread "Service Thread" daemon [_thread_blocked, id=1352, stack(0x0000002088e00000,0x0000002088f00000)]
  0x00000153b91ba6f0 JavaThread "Monitor Deflation Thread" daemon [_thread_blocked, id=15796, stack(0x0000002088f00000,0x0000002089000000)]
  0x00000153b91bb090 JavaThread "C2 CompilerThread0" daemon [_thread_in_native, id=1412, stack(0x0000002089000000,0x0000002089100000)]
  0x00000153b91bb740 JavaThread "C1 CompilerThread0" daemon [_thread_blocked, id=17564, stack(0x0000002089100000,0x0000002089200000)]
  0x00000153b91bbd40 JavaThread "Sweeper thread" daemon [_thread_blocked, id=15748, stack(0x0000002089200000,0x0000002089300000)]
  0x00000153b9d06ad0 JavaThread "Notification Thread" daemon [_thread_blocked, id=13472, stack(0x0000002089300000,0x0000002089400000)]
  0x00000153b9d0d180 JavaThread "Common-Cleaner" daemon [_thread_blocked, id=16988, stack(0x0000002089500000,0x0000002089600000)]
  0x00000153b9e6c210 JavaThread "C2 CompilerThread1" daemon [_thread_in_native, id=10896, stack(0x0000002089600000,0x0000002089700000)]
=>0x00000153ba662850 JavaThread "C2 CompilerThread2" daemon [_thread_in_native, id=15272, stack(0x0000002089700000,0x0000002089800000)]

Other Threads:
  0x00000153b9193bc0 VMThread "VM Thread" [stack: 0x0000002088900000,0x0000002088a00000] [id=13160]
  0x000001539af87820 WatcherThread [stack: 0x0000002089400000,0x0000002089500000] [id=15352]
  0x000001539af275a0 GCTaskThread "GC Thread#0" [stack: 0x0000002088400000,0x0000002088500000] [id=17448]
  0x000001539af37fa0 ConcurrentGCThread "G1 Main Marker" [stack: 0x0000002088500000,0x0000002088600000] [id=13500]
  0x000001539af38b10 ConcurrentGCThread "G1 Conc#0" [stack: 0x0000002088600000,0x0000002088700000] [id=5624]
  0x00000153b9051230 ConcurrentGCThread "G1 Refine#0" [stack: 0x0000002088700000,0x0000002088800000] [id=12680]
  0x00000153b9051510 ConcurrentGCThread "G1 Service" [stack: 0x0000002088800000,0x0000002088900000] [id=11384]

Threads with active compile tasks:
C2 CompilerThread0      356  871       4       java.io.InputStreamReader::read (11 bytes)
C2 CompilerThread1      356  874       4       java.io.Reader::read (21 bytes)
C2 CompilerThread2      356  899       4       sun.nio.cs.StreamDecoder::implRead (243 bytes)

VM state: not at safepoint (normal execution)

VM Mutex/Monitor currently owned by a thread: None

Heap address: 0x0000000082a00000, size: 2006 MB, Compressed Oops mode: 32-bit

CDS archive(s) mapped at: [0x0000000800000000-0x0000000800bc0000-0x0000000800bc0000), size 12320768, SharedBaseAddress: 0x0000000800000000, ArchiveRelocationMode: 0.
Compressed class space mapped at: 0x0000000800c00000-0x0000000840c00000, reserved size: 1073741824
Narrow klass base: 0x0000000800000000, Narrow klass shift: 0, Narrow klass range: 0x100000000

GC Precious Log:
 CPUs: 8 total, 8 available
 Memory: 8023M
 Large Page Support: Disabled
 NUMA Support: Disabled
 Compressed Oops: Enabled (32-bit)
 Heap Region Size: 1M
 Heap Min Capacity: 8M
 Heap Initial Capacity: 126M
 Heap Max Capacity: 2006M
 Pre-touch: Disabled
 Parallel Workers: 8
 Concurrent Workers: 2
 Concurrent Refinement Workers: 8
 Periodic GC: Disabled

Heap:
 garbage-first heap   total 129024K, used 19456K [0x0000000082a00000, 0x0000000100000000)
  region size 1024K, 20 young (20480K), 0 survivors (0K)
 Metaspace       used 4662K, committed 4800K, reserved 1056768K
  class space    used 543K, committed 640K, reserved 1048576K

Heap Regions: E=young(eden), S=young(survivor), O=old, HS=humongous(starts), HC=humongous(continues), CS=collection set, F=free, OA=open archive, CA=closed archive, TAMS=top-at-mark-start (previous, next)
|   0|0x0000000082a00000, 0x0000000082a00000, 0x0000000082b00000|  0%| F|  |TAMS 0x0000000082a00000, 0x0000000082a00000| Untracked 
|   1|0x0000000082b00000, 0x0000000082b00000, 0x0000000082c00000|  0%| F|  |TAMS 0x0000000082b00000, 0x0000000082b00000| Untracked 
|   2|0x0000000082c00000, 0x0000000082c00000, 0x0000000082d00000|  0%| F|  |TAMS 0x0000000082c00000, 0x0000000082c00000| Untracked 
|   3|0x0000000082d00000, 0x0000000082d00000, 0x0000000082e00000|  0%| F|  |TAMS 0x0000000082d00000, 0x0000000082d00000| Untracked 
|   4|0x0000000082e00000, 0x0000000082e00000, 0x0000000082f00000|  0%| F|  |TAMS 0x0000000082e00000, 0x0000000082e00000| Untracked 
|   5|0x0000000082f00000, 0x0000000082f00000, 0x0000000083000000|  0%| F|  |TAMS 0x0000000082f00000, 0x0000000082f00000| Untracked 
|   6|0x0000000083000000, 0x0000000083000000, 0x0000000083100000|  0%| F|  |TAMS 0x0000000083000000, 0x0000000083000000| Untracked 
|   7|0x0000000083100000, 0x0000000083100000, 0x0000000083200000|  0%| F|  |TAMS 0x0000000083100000, 0x0000000083100000| Untracked 
|   8|0x0000000083200000, 0x0000000083200000, 0x0000000083300000|  0%| F|  |TAMS 0x0000000083200000, 0x0000000083200000| Untracked 
|   9|0x0000000083300000, 0x0000000083300000, 0x0000000083400000|  0%| F|  |TAMS 0x0000000083300000, 0x0000000083300000| Untracked 
|  10|0x0000000083400000, 0x0000000083400000, 0x0000000083500000|  0%| F|  |TAMS 0x0000000083400000, 0x0000000083400000| Untracked 
|  11|0x0000000083500000, 0x0000000083500000, 0x0000000083600000|  0%| F|  |TAMS 0x0000000083500000, 0x0000000083500000| Untracked 
|  12|0x0000000083600000, 0x0000000083600000, 0x0000000083700000|  0%| F|  |TAMS 0x0000000083600000, 0x0000000083600000| Untracked 
|  13|0x0000000083700000, 0x0000000083700000, 0x0000000083800000|  0%| F|  |TAMS 0x0000000083700000, 0x0000000083700000| Untracked 
|  14|0x0000000083800000, 0x0000000083800000, 0x0000000083900000|  0%| F|  |TAMS 0x0000000083800000, 0x0000000083800000| Untracked 
|  15|0x0000000083900000, 0x0000000083900000, 0x0000000083a00000|  0%| F|  |TAMS 0x0000000083900000, 0x0000000083900000| Untracked 
|  16|0x0000000083a00000, 0x0000000083a00000, 0x0000000083b00000|  0%| F|  |TAMS 0x0000000083a00000, 0x0000000083a00000| Untracked 
|  17|0x0000000083b00000, 0x0000000083b00000, 0x0000000083c00000|  0%| F|  |TAMS 0x0000000083b00000, 0x0000000083b00000| Untracked 
|  18|0x0000000083c00000, 0x0000000083c00000, 0x0000000083d00000|  0%| F|  |TAMS 0x0000000083c00000, 0x0000000083c00000| Untracked 
|  19|0x0000000083d00000, 0x0000000083d00000, 0x0000000083e00000|  0%| F|  |TAMS 0x0000000083d00000, 0x0000000083d00000| Untracked 
|  20|0x0000000083e00000, 0x0000000083e00000, 0x0000000083f00000|  0%| F|  |TAMS 0x0000000083e00000, 0x0000000083e00000| Untracked 
|  21|0x0000000083f00000, 0x0000000083f00000, 0x0000000084000000|  0%| F|  |TAMS 0x0000000083f00000, 0x0000000083f00000| Untracked 
|  22|0x0000000084000000, 0x0000000084000000, 0x0000000084100000|  0%| F|  |TAMS 0x0000000084000000, 0x0000000084000000| Untracked 
|  23|0x0000000084100000, 0x0000000084100000, 0x0000000084200000|  0%| F|  |TAMS 0x0000000084100000, 0x0000000084100000| Untracked 
|  24|0x0000000084200000, 0x0000000084200000, 0x0000000084300000|  0%| F|  |TAMS 0x0000000084200000, 0x0000000084200000| Untracked 
|  25|0x0000000084300000, 0x0000000084300000, 0x0000000084400000|  0%| F|  |TAMS 0x0000000084300000, 0x0000000084300000| Untracked 
|  26|0x0000000084400000, 0x0000000084400000, 0x0000000084500000|  0%| F|  |TAMS 0x0000000084400000, 0x0000000084400000| Untracked 
|  27|0x0000000084500000, 0x0000000084500000, 0x0000000084600000|  0%| F|  |TAMS 0x0000000084500000, 0x0000000084500000| Untracked 
|  28|0x0000000084600000, 0x0000000084600000, 0x0000000084700000|  0%| F|  |TAMS 0x0000000084600000, 0x0000000084600000| Untracked 
|  29|0x0000000084700000, 0x0000000084700000, 0x0000000084800000|  0%| F|  |TAMS 0x0000000084700000, 0x0000000084700000| Untracked 
|  30|0x0000000084800000, 0x0000000084800000, 0x0000000084900000|  0%| F|  |TAMS 0x0000000084800000, 0x0000000084800000| Untracked 
|  31|0x0000000084900000, 0x0000000084900000, 0x0000000084a00000|  0%| F|  |TAMS 0x0000000084900000, 0x0000000084900000| Untracked 
|  32|0x0000000084a00000, 0x0000000084a00000, 0x0000000084b00000|  0%| F|  |TAMS 0x0000000084a00000, 0x0000000084a00000| Untracked 
|  33|0x0000000084b00000, 0x0000000084b00000, 0x0000000084c00000|  0%| F|  |TAMS 0x0000000084b00000, 0x0000000084b00000| Untracked 
|  34|0x0000000084c00000, 0x0000000084c00000, 0x0000000084d00000|  0%| F|  |TAMS 0x0000000084c00000, 0x0000000084c00000| Untracked 
|  35|0x0000000084d00000, 0x0000000084d00000, 0x0000000084e00000|  0%| F|  |TAMS 0x0000000084d00000, 0x0000000084d00000| Untracked 
|  36|0x0000000084e00000, 0x0000000084e00000, 0x0000000084f00000|  0%| F|  |TAMS 0x0000000084e00000, 0x0000000084e00000| Untracked 
|  37|0x0000000084f00000, 0x0000000084f00000, 0x0000000085000000|  0%| F|  |TAMS 0x0000000084f00000, 0x0000000084f00000| Untracked 
|  38|0x0000000085000000, 0x0000000085000000, 0x0000000085100000|  0%| F|  |TAMS 0x0000000085000000, 0x0000000085000000| Untracked 
|  39|0x0000000085100000, 0x0000000085100000, 0x0000000085200000|  0%| F|  |TAMS 0x0000000085100000, 0x0000000085100000| Untracked 
|  40|0x0000000085200000, 0x0000000085200000, 0x0000000085300000|  0%| F|  |TAMS 0x0000000085200000, 0x0000000085200000| Untracked 
|  41|0x0000000085300000, 0x0000000085300000, 0x0000000085400000|  0%| F|  |TAMS 0x0000000085300000, 0x0000000085300000| Untracked 
|  42|0x0000000085400000, 0x0000000085400000, 0x0000000085500000|  0%| F|  |TAMS 0x0000000085400000, 0x0000000085400000| Untracked 
|  43|0x0000000085500000, 0x0000000085500000, 0x0000000085600000|  0%| F|  |TAMS 0x0000000085500000, 0x0000000085500000| Untracked 
|  44|0x0000000085600000, 0x0000000085600000, 0x0000000085700000|  0%| F|  |TAMS 0x0000000085600000, 0x0000000085600000| Untracked 
|  45|0x0000000085700000, 0x0000000085700000, 0x0000000085800000|  0%| F|  |TAMS 0x0000000085700000, 0x0000000085700000| Untracked 
|  46|0x0000000085800000, 0x0000000085800000, 0x0000000085900000|  0%| F|  |TAMS 0x0000000085800000, 0x0000000085800000| Untracked 
|  47|0x0000000085900000, 0x0000000085900000, 0x0000000085a00000|  0%| F|  |TAMS 0x0000000085900000, 0x0000000085900000| Untracked 
|  48|0x0000000085a00000, 0x0000000085a00000, 0x0000000085b00000|  0%| F|  |TAMS 0x0000000085a00000, 0x0000000085a00000| Untracked 
|  49|0x0000000085b00000, 0x0000000085b00000, 0x0000000085c00000|  0%| F|  |TAMS 0x0000000085b00000, 0x0000000085b00000| Untracked 
|  50|0x0000000085c00000, 0x0000000085c00000, 0x0000000085d00000|  0%| F|  |TAMS 0x0000000085c00000, 0x0000000085c00000| Untracked 
|  51|0x0000000085d00000, 0x0000000085d00000, 0x0000000085e00000|  0%| F|  |TAMS 0x0000000085d00000, 0x0000000085d00000| Untracked 
|  52|0x0000000085e00000, 0x0000000085e00000, 0x0000000085f00000|  0%| F|  |TAMS 0x0000000085e00000, 0x0000000085e00000| Untracked 
|  53|0x0000000085f00000, 0x0000000085f00000, 0x0000000086000000|  0%| F|  |TAMS 0x0000000085f00000, 0x0000000085f00000| Untracked 
|  54|0x0000000086000000, 0x0000000086000000, 0x0000000086100000|  0%| F|  |TAMS 0x0000000086000000, 0x0000000086000000| Untracked 
|  55|0x0000000086100000, 0x0000000086100000, 0x0000000086200000|  0%| F|  |TAMS 0x0000000086100000, 0x0000000086100000| Untracked 
|  56|0x0000000086200000, 0x0000000086200000, 0x0000000086300000|  0%| F|  |TAMS 0x0000000086200000, 0x0000000086200000| Untracked 
|  57|0x0000000086300000, 0x0000000086300000, 0x0000000086400000|  0%| F|  |TAMS 0x0000000086300000, 0x0000000086300000| Untracked 
|  58|0x0000000086400000, 0x0000000086400000, 0x0000000086500000|  0%| F|  |TAMS 0x0000000086400000, 0x0000000086400000| Untracked 
|  59|0x0000000086500000, 0x0000000086500000, 0x0000000086600000|  0%| F|  |TAMS 0x0000000086500000, 0x0000000086500000| Untracked 
|  60|0x0000000086600000, 0x0000000086600000, 0x0000000086700000|  0%| F|  |TAMS 0x0000000086600000, 0x0000000086600000| Untracked 
|  61|0x0000000086700000, 0x0000000086700000, 0x0000000086800000|  0%| F|  |TAMS 0x0000000086700000, 0x0000000086700000| Untracked 
|  62|0x0000000086800000, 0x0000000086800000, 0x0000000086900000|  0%| F|  |TAMS 0x0000000086800000, 0x0000000086800000| Untracked 
|  63|0x0000000086900000, 0x0000000086900000, 0x0000000086a00000|  0%| F|  |TAMS 0x0000000086900000, 0x0000000086900000| Untracked 
|  64|0x0000000086a00000, 0x0000000086a00000, 0x0000000086b00000|  0%| F|  |TAMS 0x0000000086a00000, 0x0000000086a00000| Untracked 
|  65|0x0000000086b00000, 0x0000000086b00000, 0x0000000086c00000|  0%| F|  |TAMS 0x0000000086b00000, 0x0000000086b00000| Untracked 
|  66|0x0000000086c00000, 0x0000000086c00000, 0x0000000086d00000|  0%| F|  |TAMS 0x0000000086c00000, 0x0000000086c00000| Untracked 
|  67|0x0000000086d00000, 0x0000000086d00000, 0x0000000086e00000|  0%| F|  |TAMS 0x0000000086d00000, 0x0000000086d00000| Untracked 
|  68|0x0000000086e00000, 0x0000000086e00000, 0x0000000086f00000|  0%| F|  |TAMS 0x0000000086e00000, 0x0000000086e00000| Untracked 
|  69|0x0000000086f00000, 0x0000000086f00000, 0x0000000087000000|  0%| F|  |TAMS 0x0000000086f00000, 0x0000000086f00000| Untracked 
|  70|0x0000000087000000, 0x0000000087000000, 0x0000000087100000|  0%| F|  |TAMS 0x0000000087000000, 0x0000000087000000| Untracked 
|  71|0x0000000087100000, 0x0000000087100000, 0x0000000087200000|  0%| F|  |TAMS 0x0000000087100000, 0x0000000087100000| Untracked 
|  72|0x0000000087200000, 0x0000000087200000, 0x0000000087300000|  0%| F|  |TAMS 0x0000000087200000, 0x0000000087200000| Untracked 
|  73|0x0000000087300000, 0x0000000087300000, 0x0000000087400000|  0%| F|  |TAMS 0x0000000087300000, 0x0000000087300000| Untracked 
|  74|0x0000000087400000, 0x0000000087400000, 0x0000000087500000|  0%| F|  |TAMS 0x0000000087400000, 0x0000000087400000| Untracked 
|  75|0x0000000087500000, 0x0000000087500000, 0x0000000087600000|  0%| F|  |TAMS 0x0000000087500000, 0x0000000087500000| Untracked 
|  76|0x0000000087600000, 0x0000000087600000, 0x0000000087700000|  0%| F|  |TAMS 0x0000000087600000, 0x0000000087600000| Untracked 
|  77|0x0000000087700000, 0x0000000087700000, 0x0000000087800000|  0%| F|  |TAMS 0x0000000087700000, 0x0000000087700000| Untracked 
|  78|0x0000000087800000, 0x0000000087800000, 0x0000000087900000|  0%| F|  |TAMS 0x0000000087800000, 0x0000000087800000| Untracked 
|  79|0x0000000087900000, 0x0000000087900000, 0x0000000087a00000|  0%| F|  |TAMS 0x0000000087900000, 0x0000000087900000| Untracked 
|  80|0x0000000087a00000, 0x0000000087a00000, 0x0000000087b00000|  0%| F|  |TAMS 0x0000000087a00000, 0x0000000087a00000| Untracked 
|  81|0x0000000087b00000, 0x0000000087b00000, 0x0000000087c00000|  0%| F|  |TAMS 0x0000000087b00000, 0x0000000087b00000| Untracked 
|  82|0x0000000087c00000, 0x0000000087c00000, 0x0000000087d00000|  0%| F|  |TAMS 0x0000000087c00000, 0x0000000087c00000| Untracked 
|  83|0x0000000087d00000, 0x0000000087d00000, 0x0000000087e00000|  0%| F|  |TAMS 0x0000000087d00000, 0x0000000087d00000| Untracked 
|  84|0x0000000087e00000, 0x0000000087e00000, 0x0000000087f00000|  0%| F|  |TAMS 0x0000000087e00000, 0x0000000087e00000| Untracked 
|  85|0x0000000087f00000, 0x0000000087f00000, 0x0000000088000000|  0%| F|  |TAMS 0x0000000087f00000, 0x0000000087f00000| Untracked 
|  86|0x0000000088000000, 0x0000000088000000, 0x0000000088100000|  0%| F|  |TAMS 0x0000000088000000, 0x0000000088000000| Untracked 
|  87|0x0000000088100000, 0x0000000088100000, 0x0000000088200000|  0%| F|  |TAMS 0x0000000088100000, 0x0000000088100000| Untracked 
|  88|0x0000000088200000, 0x0000000088200000, 0x0000000088300000|  0%| F|  |TAMS 0x0000000088200000, 0x0000000088200000| Untracked 
|  89|0x0000000088300000, 0x0000000088300000, 0x0000000088400000|  0%| F|  |TAMS 0x0000000088300000, 0x0000000088300000| Untracked 
|  90|0x0000000088400000, 0x0000000088400000, 0x0000000088500000|  0%| F|  |TAMS 0x0000000088400000, 0x0000000088400000| Untracked 
|  91|0x0000000088500000, 0x0000000088500000, 0x0000000088600000|  0%| F|  |TAMS 0x0000000088500000, 0x0000000088500000| Untracked 
|  92|0x0000000088600000, 0x0000000088600000, 0x0000000088700000|  0%| F|  |TAMS 0x0000000088600000, 0x0000000088600000| Untracked 
|  93|0x0000000088700000, 0x0000000088700000, 0x0000000088800000|  0%| F|  |TAMS 0x0000000088700000, 0x0000000088700000| Untracked 
|  94|0x0000000088800000, 0x0000000088800000, 0x0000000088900000|  0%| F|  |TAMS 0x0000000088800000, 0x0000000088800000| Untracked 
|  95|0x0000000088900000, 0x0000000088900000, 0x0000000088a00000|  0%| F|  |TAMS 0x0000000088900000, 0x0000000088900000| Untracked 
|  96|0x0000000088a00000, 0x0000000088a00000, 0x0000000088b00000|  0%| F|  |TAMS 0x0000000088a00000, 0x0000000088a00000| Untracked 
|  97|0x0000000088b00000, 0x0000000088b00000, 0x0000000088c00000|  0%| F|  |TAMS 0x0000000088b00000, 0x0000000088b00000| Untracked 
|  98|0x0000000088c00000, 0x0000000088c00000, 0x0000000088d00000|  0%| F|  |TAMS 0x0000000088c00000, 0x0000000088c00000| Untracked 
|  99|0x0000000088d00000, 0x0000000088d00000, 0x0000000088e00000|  0%| F|  |TAMS 0x0000000088d00000, 0x0000000088d00000| Untracked 
| 100|0x0000000088e00000, 0x0000000088e00000, 0x0000000088f00000|  0%| F|  |TAMS 0x0000000088e00000, 0x0000000088e00000| Untracked 
| 101|0x0000000088f00000, 0x0000000088f00000, 0x0000000089000000|  0%| F|  |TAMS 0x0000000088f00000, 0x0000000088f00000| Untracked 
| 102|0x0000000089000000, 0x0000000089000000, 0x0000000089100000|  0%| F|  |TAMS 0x0000000089000000, 0x0000000089000000| Untracked 
| 103|0x0000000089100000, 0x0000000089100000, 0x0000000089200000|  0%| F|  |TAMS 0x0000000089100000, 0x0000000089100000| Untracked 
| 104|0x0000000089200000, 0x0000000089200000, 0x0000000089300000|  0%| F|  |TAMS 0x0000000089200000, 0x0000000089200000| Untracked 
| 105|0x0000000089300000, 0x0000000089300000, 0x0000000089400000|  0%| F|  |TAMS 0x0000000089300000, 0x0000000089300000| Untracked 
| 106|0x0000000089400000, 0x00000000894ec080, 0x0000000089500000| 92%| E|  |TAMS 0x0000000089400000, 0x0000000089400000| Complete 
| 107|0x0000000089500000, 0x0000000089600000, 0x0000000089600000|100%| E|CS|TAMS 0x0000000089500000, 0x0000000089500000| Complete 
| 108|0x0000000089600000, 0x0000000089700000, 0x0000000089700000|100%| E|CS|TAMS 0x0000000089600000, 0x0000000089600000| Complete 
| 109|0x0000000089700000, 0x0000000089800000, 0x0000000089800000|100%| E|CS|TAMS 0x0000000089700000, 0x0000000089700000| Complete 
| 110|0x0000000089800000, 0x0000000089900000, 0x0000000089900000|100%| E|CS|TAMS 0x0000000089800000, 0x0000000089800000| Complete 
| 111|0x0000000089900000, 0x0000000089a00000, 0x0000000089a00000|100%| E|CS|TAMS 0x0000000089900000, 0x0000000089900000| Complete 
| 112|0x0000000089a00000, 0x0000000089b00000, 0x0000000089b00000|100%| E|CS|TAMS 0x0000000089a00000, 0x0000000089a00000| Complete 
| 113|0x0000000089b00000, 0x0000000089c00000, 0x0000000089c00000|100%| E|CS|TAMS 0x0000000089b00000, 0x0000000089b00000| Complete 
| 114|0x0000000089c00000, 0x0000000089d00000, 0x0000000089d00000|100%| E|CS|TAMS 0x0000000089c00000, 0x0000000089c00000| Complete 
| 115|0x0000000089d00000, 0x0000000089e00000, 0x0000000089e00000|100%| E|CS|TAMS 0x0000000089d00000, 0x0000000089d00000| Complete 
| 116|0x0000000089e00000, 0x0000000089f00000, 0x0000000089f00000|100%| E|CS|TAMS 0x0000000089e00000, 0x0000000089e00000| Complete 
| 117|0x0000000089f00000, 0x000000008a000000, 0x000000008a000000|100%| E|CS|TAMS 0x0000000089f00000, 0x0000000089f00000| Complete 
| 118|0x000000008a000000, 0x000000008a100000, 0x000000008a100000|100%| E|CS|TAMS 0x000000008a000000, 0x000000008a000000| Complete 
| 119|0x000000008a100000, 0x000000008a200000, 0x000000008a200000|100%| E|CS|TAMS 0x000000008a100000, 0x000000008a100000| Complete 
| 120|0x000000008a200000, 0x000000008a300000, 0x000000008a300000|100%| E|CS|TAMS 0x000000008a200000, 0x000000008a200000| Complete 
| 121|0x000000008a300000, 0x000000008a400000, 0x000000008a400000|100%| E|CS|TAMS 0x000000008a300000, 0x000000008a300000| Complete 
| 122|0x000000008a400000, 0x000000008a500000, 0x000000008a500000|100%| E|CS|TAMS 0x000000008a400000, 0x000000008a400000| Complete 
| 123|0x000000008a500000, 0x000000008a600000, 0x000000008a600000|100%| E|CS|TAMS 0x000000008a500000, 0x000000008a500000| Complete 
| 124|0x000000008a600000, 0x000000008a700000, 0x000000008a700000|100%| E|CS|TAMS 0x000000008a600000, 0x000000008a600000| Complete 
| 125|0x000000008a700000, 0x000000008a800000, 0x000000008a800000|100%| E|CS|TAMS 0x000000008a700000, 0x000000008a700000| Complete 

Card table byte_map: [0x00000153b20d0000,0x00000153b24c0000] _byte_map_base: 0x00000153b1cbb000

Marking Bits (Prev, Next): (CMBitMap*) 0x000001539af27bb0, (CMBitMap*) 0x000001539af27bf0
 Prev Bits: [0x00000153b28b0000, 0x00000153b4808000)
 Next Bits: [0x00000153b4810000, 0x00000153b6768000)

Polling page: 0x0000015398e90000

Metaspace:

Usage:
  Non-class:      4.02 MB used.
      Class:    543.34 KB used.
       Both:      4.55 MB used.

Virtual space:
  Non-class space:        8.00 MB reserved,       4.06 MB ( 51%) committed,  1 nodes.
      Class space:        1.00 GB reserved,     640.00 KB ( <1%) committed,  1 nodes.
             Both:        1.01 GB reserved,       4.69 MB ( <1%) committed. 

Chunk freelists:
   Non-Class:  1.50 MB
       Class:  3.34 MB
        Both:  4.84 MB

MaxMetaspaceSize: unlimited
CompressedClassSpaceSize: 1.00 GB
Initial GC threshold: 21.00 MB
Current GC threshold: 21.00 MB
CDS: on
MetaspaceReclaimPolicy: balanced
 - commit_granule_bytes: 65536.
 - commit_granule_words: 8192.
 - virtual_space_node_default_size: 1048576.
 - enlarge_chunks_in_place: 1.
 - new_chunks_are_fully_committed: 0.
 - uncommit_free_chunks: 1.
 - use_allocation_guard: 0.
 - handle_deallocations: 1.


Internal statistics:

num_allocs_failed_limit: 0.
num_arena_births: 14.
num_arena_deaths: 0.
num_vsnodes_births: 2.
num_vsnodes_deaths: 0.
num_space_committed: 75.
num_space_uncommitted: 0.
num_chunks_returned_to_freelist: 0.
num_chunks_taken_from_freelist: 140.
num_chunk_merges: 0.
num_chunk_splits: 102.
num_chunks_enlarged: 92.
num_purges: 0.
num_inconsistent_stats: 0.

CodeHeap 'non-profiled nmethods': size=120000Kb used=289Kb max_used=289Kb free=119710Kb
 bounds [0x00000153aa480000, 0x00000153aa6f0000, 0x00000153b19b0000]
CodeHeap 'profiled nmethods': size=120000Kb used=1889Kb max_used=1889Kb free=118110Kb
 bounds [0x00000153a2f50000, 0x00000153a31c0000, 0x00000153aa480000]
CodeHeap 'non-nmethods': size=5760Kb used=1146Kb max_used=1187Kb free=4613Kb
 bounds [0x00000153a29b0000, 0x00000153a2c20000, 0x00000153a2f50000]
 total_blobs=1334 nmethods=900 adapters=347
 compilation: enabled
              stopped_count=0, restarted_count=0
 full_count=0

Compilation events (20 events):
Event: 0.329 Thread 0x00000153ba662850 nmethod 885 0x00000153aa4c3990 code [0x00000153aa4c3b20, 0x00000153aa4c3c48]
Event: 0.329 Thread 0x00000153ba662850  899       4       sun.nio.cs.StreamDecoder::implRead (243 bytes)
Event: 0.330 Thread 0x00000153b91bb740  901       3       org.eclipse.sisu.plexus.PlexusXmlScanner::TEXT (10 bytes)
Event: 0.331 Thread 0x00000153b9e6c210 nmethod 867 0x00000153aa4c3d90 code [0x00000153aa4c4000, 0x00000153aa4c61b0]
Event: 0.331 Thread 0x00000153b91bb740 nmethod 901 0x00000153a3123510 code [0x00000153a3123700, 0x00000153a3123aa8]
Event: 0.331 Thread 0x00000153b91bb740  902       3       org.codehaus.plexus.util.xml.pull.MXParser::nextText (103 bytes)
Event: 0.331 Thread 0x00000153b9e6c210  872       4       org.codehaus.plexus.util.xml.XmlReader::read (11 bytes)
Event: 0.331 Thread 0x00000153b91bb740 nmethod 902 0x00000153a3123c90 code [0x00000153a3123f60, 0x00000153a3124b48]
Event: 0.332 Thread 0x00000153b9e6c210 nmethod 872 0x00000153aa4c7510 code [0x00000153aa4c76a0, 0x00000153aa4c77a8]
Event: 0.332 Thread 0x00000153b9e6c210  873       4       org.codehaus.plexus.util.InterpolationFilterReader::read (477 bytes)
Event: 0.332 Thread 0x00000153b91bb740  903       3       java.lang.StringBuilder::charAt (6 bytes)
Event: 0.332 Thread 0x00000153b91bb740 nmethod 903 0x00000153a3124f90 code [0x00000153a3125120, 0x00000153a3125268]
Event: 0.333 Thread 0x00000153b91bb740  904       3       java.lang.AbstractStringBuilder::charAt (36 bytes)
Event: 0.333 Thread 0x00000153b91bb740 nmethod 904 0x00000153a3125310 code [0x00000153a3125500, 0x00000153a3125938]
Event: 0.333 Thread 0x00000153b91bb740  905   !   3       sun.nio.cs.StreamDecoder::read (196 bytes)
Event: 0.333 Thread 0x00000153b91bb740 nmethod 905 0x00000153a3125b10 code [0x00000153a3125d80, 0x00000153a3126988]
Event: 0.334 Thread 0x00000153b9e6c210 nmethod 873 0x00000153aa4c7910 code [0x00000153aa4c7ac0, 0x00000153aa4c7db8]
Event: 0.334 Thread 0x00000153b9e6c210  911       4       sun.nio.cs.StreamDecoder::ensureOpen (18 bytes)
Event: 0.334 Thread 0x00000153b9e6c210 nmethod 911 0x00000153aa4c8190 code [0x00000153aa4c8300, 0x00000153aa4c8398]
Event: 0.334 Thread 0x00000153b9e6c210  874       4       java.io.Reader::read (21 bytes)

GC Heap History (0 events):
No events

Dll operation events (8 events):
Event: 0.005 Loaded shared library C:\Program Files\Java\jdk-17.0.5.8-hotspot\bin\java.dll
Event: 0.023 Loaded shared library C:\Program Files\Java\jdk-17.0.5.8-hotspot\bin\jsvml.dll
Event: 0.045 Loaded shared library C:\Program Files\Java\jdk-17.0.5.8-hotspot\bin\net.dll
Event: 0.047 Loaded shared library C:\Program Files\Java\jdk-17.0.5.8-hotspot\bin\nio.dll
Event: 0.048 Loaded shared library C:\Program Files\Java\jdk-17.0.5.8-hotspot\bin\zip.dll
Event: 0.101 Loaded shared library C:\Program Files\Java\jdk-17.0.5.8-hotspot\bin\verify.dll
Event: 0.103 Loaded shared library E:\apache-maven-3.6.3\lib\jansi-native\windows64\jansi.dll
Event: 0.120 Loaded shared library C:\Program Files\Java\jdk-17.0.5.8-hotspot\bin\jimage.dll

Deoptimization events (20 events):
Event: 0.086 Thread 0x0000015398e7cad0 Uncommon trap: trap_request=0xffffff45 fr.pc=0x00000153aa48a8e4 relative=0x0000000000000064
Event: 0.086 Thread 0x0000015398e7cad0 Uncommon trap: reason=unstable_if action=reinterpret pc=0x00000153aa48a8e4 method=java.io.WinNTFileSystem.isSlash(C)Z @ 9 c2
Event: 0.086 Thread 0x0000015398e7cad0 DEOPT PACKING pc=0x00000153aa48a8e4 sp=0x00000020883fe4f0
Event: 0.086 Thread 0x0000015398e7cad0 DEOPT UNPACKING pc=0x00000153a2a023a3 sp=0x00000020883fe478 mode 2
Event: 0.184 Thread 0x0000015398e7cad0 Uncommon trap: trap_request=0xffffff45 fr.pc=0x00000153aa48c8e8 relative=0x0000000000000448
Event: 0.184 Thread 0x0000015398e7cad0 Uncommon trap: reason=unstable_if action=reinterpret pc=0x00000153aa48c8e8 method=java.lang.StringLatin1.canEncode(I)Z @ 4 c2
Event: 0.184 Thread 0x0000015398e7cad0 DEOPT PACKING pc=0x00000153aa48c8e8 sp=0x00000020883fdd50
Event: 0.184 Thread 0x0000015398e7cad0 DEOPT UNPACKING pc=0x00000153a2a023a3 sp=0x00000020883fdc78 mode 2
Event: 0.239 Thread 0x0000015398e7cad0 DEOPT PACKING pc=0x00000153a3001ca7 sp=0x00000020883f9a50
Event: 0.239 Thread 0x0000015398e7cad0 DEOPT UNPACKING pc=0x00000153a2a02b43 sp=0x00000020883f8eb0 mode 0
Event: 0.310 Thread 0x0000015398e7cad0 DEOPT PACKING pc=0x00000153a2fbdcac sp=0x00000020883fdaa0
Event: 0.310 Thread 0x0000015398e7cad0 DEOPT UNPACKING pc=0x00000153a2a02b43 sp=0x00000020883fcf50 mode 0
Event: 0.310 Thread 0x0000015398e7cad0 Uncommon trap: trap_request=0xffffff45 fr.pc=0x00000153aa49c8b4 relative=0x00000000000000b4
Event: 0.311 Thread 0x0000015398e7cad0 Uncommon trap: reason=unstable_if action=reinterpret pc=0x00000153aa49c8b4 method=org.codehaus.plexus.util.xml.pull.MXParser.more()C @ 8 c2
Event: 0.311 Thread 0x0000015398e7cad0 DEOPT PACKING pc=0x00000153aa49c8b4 sp=0x00000020883fdd30
Event: 0.311 Thread 0x0000015398e7cad0 DEOPT UNPACKING pc=0x00000153a2a023a3 sp=0x00000020883fdcc0 mode 2
Event: 0.332 Thread 0x0000015398e7cad0 Uncommon trap: trap_request=0xffffff45 fr.pc=0x00000153aa4c5904 relative=0x0000000000001904
Event: 0.332 Thread 0x0000015398e7cad0 Uncommon trap: reason=unstable_if action=reinterpret pc=0x00000153aa4c5904 method=java.nio.charset.CharsetDecoder.decode(Ljava/nio/ByteBuffer;Ljava/nio/CharBuffer;Z)Ljava/nio/charset/CoderResult; @ 15 c2
Event: 0.332 Thread 0x0000015398e7cad0 DEOPT PACKING pc=0x00000153aa4c5904 sp=0x00000020883fd920
Event: 0.332 Thread 0x0000015398e7cad0 DEOPT UNPACKING pc=0x00000153a2a023a3 sp=0x00000020883fd6a8 mode 2

Classes unloaded (0 events):
No events

Classes redefined (0 events):
No events

Internal exceptions (1 events):
Event: 0.285 Thread 0x0000015398e7cad0 Exception <a 'java/lang/NoSuchMethodError'{0x0000000089af2158}: 'java.lang.Object java.lang.invoke.DirectMethodHandle$Holder.newInvokeSpecial(java.lang.Object, java.lang.Object, java.lang.Object, java.lang.Object, java.lang.Object)'> (0x0000000089af2158) 
thrown [s\src\hotspot\share\interpreter\linkResolver.cpp, line 759]

VM Operations (8 events):
Event: 0.049 Executing VM operation: HandshakeAllThreads
Event: 0.049 Executing VM operation: HandshakeAllThreads done
Event: 0.100 Executing VM operation: HandshakeAllThreads
Event: 0.100 Executing VM operation: HandshakeAllThreads done
Event: 0.122 Executing VM operation: HandshakeAllThreads
Event: 0.122 Executing VM operation: HandshakeAllThreads done
Event: 0.162 Executing VM operation: HandshakeAllThreads
Event: 0.162 Executing VM operation: HandshakeAllThreads done

Events (20 events):
Event: 0.301 loading class sun/reflect/generics/repository/AbstractRepository done
Event: 0.301 loading class sun/reflect/generics/repository/GenericDeclRepository done
Event: 0.301 loading class sun/reflect/generics/repository/ClassRepository done
Event: 0.301 loading class sun/reflect/generics/tree/FormalTypeParameter
Event: 0.301 loading class sun/reflect/generics/tree/FormalTypeParameter done
Event: 0.301 loading class sun/reflect/generics/tree/ClassSignature
Event: 0.301 loading class sun/reflect/generics/tree/Signature
Event: 0.301 loading class sun/reflect/generics/tree/Signature done
Event: 0.301 loading class sun/reflect/generics/tree/ClassSignature done
Event: 0.301 loading class java/lang/reflect/TypeVariable
Event: 0.301 loading class java/lang/reflect/TypeVariable done
Event: 0.301 loading class java/lang/reflect/WildcardType
Event: 0.301 loading class java/lang/reflect/WildcardType done
Event: 0.302 loading class sun/reflect/generics/tree/TypeVariableSignature
Event: 0.302 loading class sun/reflect/generics/tree/TypeVariableSignature done
Event: 0.308 loading class java/lang/annotation/IncompleteAnnotationException
Event: 0.308 loading class java/lang/annotation/IncompleteAnnotationException done
Event: 0.328 Thread 0x00000153ba662850 Thread added: 0x00000153ba662850
Event: 0.328 loading class jdk/internal/access/foreign/MemorySegmentProxy
Event: 0.328 loading class jdk/internal/access/foreign/MemorySegmentProxy done


Dynamic libraries:
0x00007ff70b2f0000 - 0x00007ff70b2fe000 	C:\Program Files\Java\jdk-17.0.5.8-hotspot\bin\java.exe
0x00007fff4e890000 - 0x00007fff4eaa4000 	C:\WINDOWS\SYSTEM32\ntdll.dll
0x00007fff4cbf0000 - 0x00007fff4ccb3000 	C:\WINDOWS\System32\KERNEL32.DLL
0x00007fff4bfb0000 - 0x00007fff4c34d000 	C:\WINDOWS\System32\KERNELBASE.dll
0x00007fff4bd70000 - 0x00007fff4be81000 	C:\WINDOWS\System32\ucrtbase.dll
0x00007fff26370000 - 0x00007fff2638b000 	C:\Program Files\Java\jdk-17.0.5.8-hotspot\bin\VCRUNTIME140.dll
0x00007fff2ba80000 - 0x00007fff2ba97000 	C:\Program Files\Java\jdk-17.0.5.8-hotspot\bin\jli.dll
0x00007fff4d020000 - 0x00007fff4d1cd000 	C:\WINDOWS\System32\USER32.dll
0x00007fff4c440000 - 0x00007fff4c466000 	C:\WINDOWS\System32\win32u.dll
0x00007fff4e760000 - 0x00007fff4e789000 	C:\WINDOWS\System32\GDI32.dll
0x00007fff372b0000 - 0x00007fff3753e000 	C:\WINDOWS\WinSxS\amd64_microsoft.windows.common-controls_6595b64144ccf1df_6.0.22621.608_none_a9444ca7c10bb01d\COMCTL32.dll
0x00007fff4be90000 - 0x00007fff4bfa2000 	C:\WINDOWS\System32\gdi32full.dll
0x00007fff4e360000 - 0x00007fff4e407000 	C:\WINDOWS\System32\msvcrt.dll
0x00007fff4c5e0000 - 0x00007fff4c67a000 	C:\WINDOWS\System32\msvcp_win.dll
0x00007fff4cfc0000 - 0x00007fff4cff2000 	C:\WINDOWS\System32\IMM32.DLL
0x00007fff36f50000 - 0x00007fff36f5c000 	C:\Program Files\Java\jdk-17.0.5.8-hotspot\bin\vcruntime140_1.dll
0x00007ffef8f70000 - 0x00007ffef8ffd000 	C:\Program Files\Java\jdk-17.0.5.8-hotspot\bin\msvcp140.dll
0x00007ffef8310000 - 0x00007ffef8f6e000 	C:\Program Files\Java\jdk-17.0.5.8-hotspot\bin\server\jvm.dll
0x00007fff4e490000 - 0x00007fff4e53e000 	C:\WINDOWS\System32\ADVAPI32.dll
0x00007fff4d370000 - 0x00007fff4d414000 	C:\WINDOWS\System32\sechost.dll
0x00007fff4da50000 - 0x00007fff4db65000 	C:\WINDOWS\System32\RPCRT4.dll
0x00007fff2e6b0000 - 0x00007fff2e6b9000 	C:\WINDOWS\SYSTEM32\WSOCK32.dll
0x00007fff445f0000 - 0x00007fff44624000 	C:\WINDOWS\SYSTEM32\WINMM.dll
0x00007fff43470000 - 0x00007fff4347a000 	C:\WINDOWS\SYSTEM32\VERSION.dll
0x00007fff4e410000 - 0x00007fff4e481000 	C:\WINDOWS\System32\WS2_32.dll
0x00007fff4acc0000 - 0x00007fff4acd8000 	C:\WINDOWS\SYSTEM32\kernel.appcore.dll
0x00007fff32960000 - 0x00007fff3296a000 	C:\Program Files\Java\jdk-17.0.5.8-hotspot\bin\jimage.dll
0x00007fff493e0000 - 0x00007fff4960e000 	C:\WINDOWS\SYSTEM32\DBGHELP.DLL
0x00007fff4c750000 - 0x00007fff4cada000 	C:\WINDOWS\System32\combase.dll
0x00007fff4ccc0000 - 0x00007fff4cd97000 	C:\WINDOWS\System32\OLEAUT32.dll
0x00007fff329b0000 - 0x00007fff329e2000 	C:\WINDOWS\SYSTEM32\dbgcore.DLL
0x00007fff4c3c0000 - 0x00007fff4c43b000 	C:\WINDOWS\System32\bcryptPrimitives.dll
0x00007fff26320000 - 0x00007fff26345000 	C:\Program Files\Java\jdk-17.0.5.8-hotspot\bin\java.dll
0x00007ffef8100000 - 0x00007ffef81d7000 	C:\Program Files\Java\jdk-17.0.5.8-hotspot\bin\jsvml.dll
0x00007fff4db70000 - 0x00007fff4e35f000 	C:\WINDOWS\System32\SHELL32.dll
0x00007fff49c80000 - 0x00007fff4a548000 	C:\WINDOWS\SYSTEM32\windows.storage.dll
0x00007fff49b40000 - 0x00007fff49c7e000 	C:\WINDOWS\SYSTEM32\wintypes.dll
0x00007fff4d950000 - 0x00007fff4da41000 	C:\WINDOWS\System32\SHCORE.dll
0x00007fff4c680000 - 0x00007fff4c6de000 	C:\WINDOWS\System32\shlwapi.dll
0x00007fff4bbe0000 - 0x00007fff4bc01000 	C:\WINDOWS\SYSTEM32\profapi.dll
0x00007fff25980000 - 0x00007fff25999000 	C:\Program Files\Java\jdk-17.0.5.8-hotspot\bin\net.dll
0x00007fff44160000 - 0x00007fff4428f000 	C:\WINDOWS\SYSTEM32\WINHTTP.dll
0x00007fff4b190000 - 0x00007fff4b1f9000 	C:\WINDOWS\system32\mswsock.dll
0x00007fff25920000 - 0x00007fff25936000 	C:\Program Files\Java\jdk-17.0.5.8-hotspot\bin\nio.dll
0x00007fff262d0000 - 0x00007fff262e8000 	C:\Program Files\Java\jdk-17.0.5.8-hotspot\bin\zip.dll
0x00007fff2d1c0000 - 0x00007fff2d1d0000 	C:\Program Files\Java\jdk-17.0.5.8-hotspot\bin\verify.dll
0x00007fff32c00000 - 0x00007fff32c0a000 	E:\apache-maven-3.6.3\lib\jansi-native\windows64\jansi.dll

dbghelp: loaded successfully - version: 4.0.5 - missing functions: none
symbol engine: initialized successfully - sym options: 0x614 - pdb path: .;C:\Program Files\Java\jdk-17.0.5.8-hotspot\bin;C:\WINDOWS\SYSTEM32;C:\WINDOWS\WinSxS\amd64_microsoft.windows.common-controls_6595b64144ccf1df_6.0.22621.608_none_a9444ca7c10bb01d;C:\Program Files\Java\jdk-17.0.5.8-hotspot\bin\server;E:\apache-maven-3.6.3\lib\jansi-native\windows64

VM Arguments:
jvm_args: -Dclassworlds.conf=E:\apache-maven-3.6.3\bin\..\bin\m2.conf -Dmaven.home=E:\apache-maven-3.6.3\bin\.. -Dlibrary.jansi.path=E:\apache-maven-3.6.3\bin\..\lib\jansi-native -Dmaven.multiModuleProjectDirectory=d:\Espacio de trabajo\Paginas web\Cruds canasta 
java_command: org.codehaus.plexus.classworlds.launcher.Launcher -s E:\apache-maven-3.6.3\conf\settings.xml clean -f d:\Espacio de trabajo\Paginas web\Cruds canasta\pom.xml
java_class_path (initial): E:\apache-maven-3.6.3\bin\..\boot\plexus-classworlds-2.6.0.jar
Launcher Type: SUN_STANDARD

[Global flags]
     intx CICompilerCount                          = 4                                         {product} {ergonomic}
     uint ConcGCThreads                            = 2                                         {product} {ergonomic}
     uint G1ConcRefinementThreads                  = 8                                         {product} {ergonomic}
   size_t G1HeapRegionSize                         = 1048576                                   {product} {ergonomic}
    uintx GCDrainStackTargetSize                   = 64                                        {product} {ergonomic}
   size_t InitialHeapSize                          = 132120576                                 {product} {ergonomic}
   size_t MarkStackSize                            = 4194304                                   {product} {ergonomic}
   size_t MaxHeapSize                              = 2103443456                                {product} {ergonomic}
   size_t MaxNewSize                               = 1261436928                                {product} {ergonomic}
   size_t MinHeapDeltaBytes                        = 1048576                                   {product} {ergonomic}
   size_t MinHeapSize                              = 8388608                                   {product} {ergonomic}
    uintx NonNMethodCodeHeapSize                   = 5839372                                {pd product} {ergonomic}
    uintx NonProfiledCodeHeapSize                  = 122909434                              {pd product} {ergonomic}
    uintx ProfiledCodeHeapSize                     = 122909434                              {pd product} {ergonomic}
    uintx ReservedCodeCacheSize                    = 251658240                              {pd product} {ergonomic}
     bool SegmentedCodeCache                       = true                                      {product} {ergonomic}
   size_t SoftMaxHeapSize                          = 2103443456                             {manageable} {ergonomic}
     bool UseCompressedClassPointers               = true                           {product lp64_product} {ergonomic}
     bool UseCompressedOops                        = true                           {product lp64_product} {ergonomic}
     bool UseG1GC                                  = true                                      {product} {ergonomic}
     bool UseLargePagesIndividualAllocation        = false                                  {pd product} {ergonomic}

Logging:
Log output configuration:
 #0: stdout all=warning uptime,level,tags
 #1: stderr all=off uptime,level,tags

Environment Variables:
JAVA_HOME=C:\Program Files\Java\jdk-17.0.5.8-hotspot
PATH=C:\Program Files\Java\jdk-17.0.5.8-hotspot\bin;C:\Windows\system32;C:\Windows;C:\Windows\System32\Wbem;C:\Windows\System32\WindowsPowerShell\v1.0\;C:\Windows\System32\OpenSSH\;C:\Program Files (x86)\NVIDIA Corporation\PhysX\Common;C:\Program Files\NVIDIA Corporation\NVIDIA NvDLISR;C:\Program Files\dotnet\;C:\Program Files\Microsoft SQL Server\130\Tools\Binn\;C:\Program Files\Microsoft SQL Server\Client SDK\ODBC\170\Tools\Binn\;C:\Program Files (x86)\Microsoft SQL Server\100\Tools\Binn\;C:\Program Files\Microsoft SQL Server\100\Tools\Binn\;C:\Program Files\Microsoft SQL Server\100\DTS\Binn\;C:\ADB\;C:\Program Files\nodejs\;% M2%;E:\apache-maven-3.6.3;E:\apache-maven-3.6.3\bin;;C:\WINDOWS\system32;C:\WINDOWS;C:\WINDOWS\System32\Wbem;C:\WINDOWS\System32\WindowsPowerShell\v1.0\;C:\WINDOWS\System32\OpenSSH\;C:\Program Files\MySQL\MySQL Shell 8.0\bin\;C:\Users\harolt\AppData\Local\Microsoft\WindowsApps;;C:\Users\harolt\AppData\Roaming\npm;C:\Program Files (x86)\Jar2Exe Wizard\;C:\Users\harolt\AppData\Local\Programs\Microsoft VS Code\bin
USERNAME=harolt
LANG=es_ES.UTF-8
OS=Windows_NT
PROCESSOR_IDENTIFIER=Intel64 Family 6 Model 165 Stepping 2, GenuineIntel
TMP=C:\Users\harolt\AppData\Local\Temp
TEMP=C:\Users\harolt\AppData\Local\Temp



---------------  S Y S T E M  ---------------

OS:
 Windows 11 , 64 bit Build 22621 (10.0.22621.1105)
OS uptime: 0 days 10:35 hours
Hyper-V role detected

CPU: total 8 (initial active 8) (4 cores per cpu, 2 threads per core) family 6 model 165 stepping 2 microcode 0xea, cx8, cmov, fxsr, ht, mmx, 3dnowpref, sse, sse2, sse3, ssse3, sse4.1, sse4.2, popcnt, lzcnt, tsc, tscinvbit, avx, avx2, aes, erms, clmul, bmi1, bmi2, adx, fma, vzeroupper, clflush, clflushopt, hv

Memory: 4k page, system-wide physical 8023M (1193M free)
TotalPageFile size 18511M (AvailPageFile size 3M)
current process WorkingSet (physical memory assigned to process): 70M, peak: 70M
current process commit charge ("private bytes"): 224M, peak: 224M

vm_info: OpenJDK 64-Bit Server VM (17.0.5+8-LTS) for windows-amd64 JRE (17.0.5+8-LTS), built on Oct 18 2022 21:39:32 by "" with MS VC++ 16.10 / 16.11 (VS2019)

END.
