#
# There is insufficient memory for the Java Runtime Environment to continue.
# Native memory allocation (mmap) failed to map 132120576 bytes for G1 virtual space
# Possible reasons:
#   The system is out of physical RAM or swap space
#   The process is running with CompressedOops enabled, and the Java Heap may be blocking the growth of the native heap
# Possible solutions:
#   Reduce memory load on the system
#   Increase physical memory or swap space
#   Check if swap backing store is full
#   Decrease Java heap size (-Xmx/-Xms)
#   Decrease number of Java threads
#   Decrease Java thread stack sizes (-Xss)
#   Set larger code cache with -XX:ReservedCodeCacheSize=
#   JVM is running with Unscaled Compressed Oops mode in which the Java heap is
#     placed in the first 4GB address space. The Java Heap base address is the
#     maximum limit for the native heap growth. Please use -XX:HeapBaseMinAddress
#     to set the Java Heap base and to place the Java Heap above 4GB virtual address.
# This output file may be truncated or incomplete.
#
#  Out of Memory Error (os_windows.cpp:3548), pid=16900, tid=7312
#
# JRE version:  (17.0.5+8) (build )
# Java VM: OpenJDK 64-Bit Server VM (17.0.5+8-LTS, mixed mode, sharing, tiered, compressed oops, compressed class ptrs, g1 gc, windows-amd64)
# No core dump will be written. Minidumps are not enabled by default on client versions of Windows
#

---------------  S U M M A R Y ------------

Command Line: -Dclassworlds.conf=E:\apache-maven-3.6.3\bin\..\bin\m2.conf -Dmaven.home=E:\apache-maven-3.6.3\bin\.. -Dlibrary.jansi.path=E:\apache-maven-3.6.3\bin\..\lib\jansi-native -Dmaven.multiModuleProjectDirectory=d:\Espacio de trabajo\Paginas web\Cruds canasta org.codehaus.plexus.classworlds.launcher.Launcher -s E:\apache-maven-3.6.3\conf\settings.xml package -f d:\Espacio de trabajo\Paginas web\Cruds canasta\pom.xml

Host: Intel(R) Core(TM) i5-10300H CPU @ 2.50GHz, 8 cores, 7G,  Windows 11 , 64 bit Build 22621 (10.0.22621.1105)
Time: Thu Jan 19 12:05:53 2023 Hora estándar de Cuba elapsed time: 0.015562 seconds (0d 0h 0m 0s)

---------------  T H R E A D  ---------------

Current thread (0x000002319948cfd0):  JavaThread "Unknown thread" [_thread_in_vm, id=7312, stack(0x000000e581d00000,0x000000e581e00000)]

Stack: [0x000000e581d00000,0x000000e581e00000]
Native frames: (J=compiled Java code, j=interpreted, Vv=VM code, C=native code)
V  [jvm.dll+0x67b2aa]
V  [jvm.dll+0x8363d4]
V  [jvm.dll+0x837b7e]
V  [jvm.dll+0x8381e3]
V  [jvm.dll+0x2463c5]
V  [jvm.dll+0x6781e9]
V  [jvm.dll+0x66c8ba]
V  [jvm.dll+0x3066db]
V  [jvm.dll+0x30db96]
V  [jvm.dll+0x35d8ee]
V  [jvm.dll+0x35db1f]
V  [jvm.dll+0x2dd5e8]
V  [jvm.dll+0x2de554]
V  [jvm.dll+0x807d01]
V  [jvm.dll+0x36b6f1]
V  [jvm.dll+0x7e713c]
V  [jvm.dll+0x3ee06f]
V  [jvm.dll+0x3efbb1]
C  [jli.dll+0x526b]
C  [ucrtbase.dll+0x29363]
C  [KERNEL32.DLL+0x126bd]
C  [ntdll.dll+0x5dfb8]


---------------  P R O C E S S  ---------------

Threads class SMR info:
_java_thread_list=0x00007ffef8e3cf58, length=0, elements={
}

Java Threads: ( => current thread )

Other Threads:
  0x000002319b5c5d00 GCTaskThread "GC Thread#0" [stack: 0x000000e581e00000,0x000000e581f00000] [id=1628]
  0x000002319b5d6860 ConcurrentGCThread "G1 Main Marker" [stack: 0x000000e581f00000,0x000000e582000000] [id=11208]
  0x000002319b5d7a10 ConcurrentGCThread "G1 Conc#0" [stack: 0x000000e582000000,0x000000e582100000] [id=17892]

[error occurred during error reporting (printing all threads), id 0xc0000005, EXCEPTION_ACCESS_VIOLATION (0xc0000005) at pc=0x00007ffef85fe027]

VM state: not at safepoint (not fully initialized)

VM Mutex/Monitor currently owned by a thread:  ([mutex/lock_event])
[0x000002319b56b780] Heap_lock - owner thread: 0x000002319948cfd0

Heap address: 0x0000000082a00000, size: 2006 MB, Compressed Oops mode: 32-bit

CDS archive(s) mapped at: [0x0000000000000000-0x0000000000000000-0x0000000000000000), size 0, SharedBaseAddress: 0x0000000800000000, ArchiveRelocationMode: 0.
Narrow klass base: 0x0000000000000000, Narrow klass shift: 0, Narrow klass range: 0x0

GC Precious Log:
<Empty>

Heap:
 garbage-first heap   total 0K, used 0K [0x0000000082a00000, 0x0000000100000000)
  region size 1024K, 0 young (0K), 0 survivors (0K)

[error occurred during error reporting (printing heap information), id 0xc0000005, EXCEPTION_ACCESS_VIOLATION (0xc0000005) at pc=0x00007ffef89e4609]

GC Heap History (0 events):
No events

Dll operation events (1 events):
Event: 0.008 Loaded shared library C:\Program Files\Java\jdk-17.0.5.8-hotspot\bin\java.dll

Deoptimization events (0 events):
No events

Classes unloaded (0 events):
No events

Classes redefined (0 events):
No events

Internal exceptions (0 events):
No events

VM Operations (0 events):
No events

Events (0 events):
No events


Dynamic libraries:
0x00007ff70b2f0000 - 0x00007ff70b2fe000 	C:\Program Files\Java\jdk-17.0.5.8-hotspot\bin\java.exe
0x00007fff4e890000 - 0x00007fff4eaa4000 	C:\WINDOWS\SYSTEM32\ntdll.dll
0x00007fff4cbf0000 - 0x00007fff4ccb3000 	C:\WINDOWS\System32\KERNEL32.DLL
0x00007fff4bfb0000 - 0x00007fff4c34d000 	C:\WINDOWS\System32\KERNELBASE.dll
0x00007fff4bd70000 - 0x00007fff4be81000 	C:\WINDOWS\System32\ucrtbase.dll
0x00007fff2ba80000 - 0x00007fff2ba97000 	C:\Program Files\Java\jdk-17.0.5.8-hotspot\bin\jli.dll
0x00007fff4d020000 - 0x00007fff4d1cd000 	C:\WINDOWS\System32\USER32.dll
0x00007fff4c440000 - 0x00007fff4c466000 	C:\WINDOWS\System32\win32u.dll
0x00007fff26370000 - 0x00007fff2638b000 	C:\Program Files\Java\jdk-17.0.5.8-hotspot\bin\VCRUNTIME140.dll
0x00007fff4e760000 - 0x00007fff4e789000 	C:\WINDOWS\System32\GDI32.dll
0x00007fff372b0000 - 0x00007fff3753e000 	C:\WINDOWS\WinSxS\amd64_microsoft.windows.common-controls_6595b64144ccf1df_6.0.22621.608_none_a9444ca7c10bb01d\COMCTL32.dll
0x00007fff4be90000 - 0x00007fff4bfa2000 	C:\WINDOWS\System32\gdi32full.dll
0x00007fff4e360000 - 0x00007fff4e407000 	C:\WINDOWS\System32\msvcrt.dll
0x00007fff4c5e0000 - 0x00007fff4c67a000 	C:\WINDOWS\System32\msvcp_win.dll
0x00007fff4cfc0000 - 0x00007fff4cff2000 	C:\WINDOWS\System32\IMM32.DLL
0x00007fff36f50000 - 0x00007fff36f5c000 	C:\Program Files\Java\jdk-17.0.5.8-hotspot\bin\vcruntime140_1.dll
0x00007ffef8f70000 - 0x00007ffef8ffd000 	C:\Program Files\Java\jdk-17.0.5.8-hotspot\bin\msvcp140.dll
0x00007ffef8310000 - 0x00007ffef8f6e000 	C:\Program Files\Java\jdk-17.0.5.8-hotspot\bin\server\jvm.dll
0x00007fff4e490000 - 0x00007fff4e53e000 	C:\WINDOWS\System32\ADVAPI32.dll
0x00007fff4d370000 - 0x00007fff4d414000 	C:\WINDOWS\System32\sechost.dll
0x00007fff4da50000 - 0x00007fff4db65000 	C:\WINDOWS\System32\RPCRT4.dll
0x00007fff2e6b0000 - 0x00007fff2e6b9000 	C:\WINDOWS\SYSTEM32\WSOCK32.dll
0x00007fff43470000 - 0x00007fff4347a000 	C:\WINDOWS\SYSTEM32\VERSION.dll
0x00007fff4e410000 - 0x00007fff4e481000 	C:\WINDOWS\System32\WS2_32.dll
0x00007fff445f0000 - 0x00007fff44624000 	C:\WINDOWS\SYSTEM32\WINMM.dll
0x00007fff4acc0000 - 0x00007fff4acd8000 	C:\WINDOWS\SYSTEM32\kernel.appcore.dll
0x00007fff32960000 - 0x00007fff3296a000 	C:\Program Files\Java\jdk-17.0.5.8-hotspot\bin\jimage.dll
0x00007fff493e0000 - 0x00007fff4960e000 	C:\WINDOWS\SYSTEM32\DBGHELP.DLL
0x00007fff4c750000 - 0x00007fff4cada000 	C:\WINDOWS\System32\combase.dll
0x00007fff4ccc0000 - 0x00007fff4cd97000 	C:\WINDOWS\System32\OLEAUT32.dll
0x00007fff329b0000 - 0x00007fff329e2000 	C:\WINDOWS\SYSTEM32\dbgcore.DLL
0x00007fff4c3c0000 - 0x00007fff4c43b000 	C:\WINDOWS\System32\bcryptPrimitives.dll
0x00007fff26320000 - 0x00007fff26345000 	C:\Program Files\Java\jdk-17.0.5.8-hotspot\bin\java.dll

dbghelp: loaded successfully - version: 4.0.5 - missing functions: none
symbol engine: initialized successfully - sym options: 0x614 - pdb path: .;C:\Program Files\Java\jdk-17.0.5.8-hotspot\bin;C:\WINDOWS\SYSTEM32;C:\WINDOWS\WinSxS\amd64_microsoft.windows.common-controls_6595b64144ccf1df_6.0.22621.608_none_a9444ca7c10bb01d;C:\Program Files\Java\jdk-17.0.5.8-hotspot\bin\server

VM Arguments:
jvm_args: -Dclassworlds.conf=E:\apache-maven-3.6.3\bin\..\bin\m2.conf -Dmaven.home=E:\apache-maven-3.6.3\bin\.. -Dlibrary.jansi.path=E:\apache-maven-3.6.3\bin\..\lib\jansi-native -Dmaven.multiModuleProjectDirectory=d:\Espacio de trabajo\Paginas web\Cruds canasta 
java_command: org.codehaus.plexus.classworlds.launcher.Launcher -s E:\apache-maven-3.6.3\conf\settings.xml package -f d:\Espacio de trabajo\Paginas web\Cruds canasta\pom.xml
java_class_path (initial): E:\apache-maven-3.6.3\bin\..\boot\plexus-classworlds-2.6.0.jar
Launcher Type: SUN_STANDARD

[Global flags]
     intx CICompilerCount                          = 4                                         {product} {ergonomic}
     uint ConcGCThreads                            = 2                                         {product} {ergonomic}
     uint G1ConcRefinementThreads                  = 8                                         {product} {ergonomic}
   size_t G1HeapRegionSize                         = 1048576                                   {product} {ergonomic}
    uintx GCDrainStackTargetSize                   = 64                                        {product} {ergonomic}
   size_t InitialHeapSize                          = 132120576                                 {product} {ergonomic}
   size_t MarkStackSize                            = 4194304                                   {product} {ergonomic}
   size_t MaxHeapSize                              = 2103443456                                {product} {ergonomic}
   size_t MinHeapDeltaBytes                        = 1048576                                   {product} {ergonomic}
   size_t MinHeapSize                              = 8388608                                   {product} {ergonomic}
    uintx NonNMethodCodeHeapSize                   = 5839372                                {pd product} {ergonomic}
    uintx NonProfiledCodeHeapSize                  = 122909434                              {pd product} {ergonomic}
    uintx ProfiledCodeHeapSize                     = 122909434                              {pd product} {ergonomic}
    uintx ReservedCodeCacheSize                    = 251658240                              {pd product} {ergonomic}
     bool SegmentedCodeCache                       = true                                      {product} {ergonomic}
   size_t SoftMaxHeapSize                          = 2103443456                             {manageable} {ergonomic}
     bool UseCompressedClassPointers               = true                           {product lp64_product} {ergonomic}
     bool UseCompressedOops                        = true                           {product lp64_product} {ergonomic}
     bool UseG1GC                                  = true                                      {product} {ergonomic}
     bool UseLargePagesIndividualAllocation        = false                                  {pd product} {ergonomic}

Logging:
Log output configuration:
 #0: stdout all=warning uptime,level,tags
 #1: stderr all=off uptime,level,tags

Environment Variables:
JAVA_HOME=C:\Program Files\Java\jdk-17.0.5.8-hotspot
PATH=C:\Program Files\Java\jdk-17.0.5.8-hotspot\bin;C:\Windows\system32;C:\Windows;C:\Windows\System32\Wbem;C:\Windows\System32\WindowsPowerShell\v1.0\;C:\Windows\System32\OpenSSH\;C:\Program Files (x86)\NVIDIA Corporation\PhysX\Common;C:\Program Files\NVIDIA Corporation\NVIDIA NvDLISR;C:\Program Files\dotnet\;C:\Program Files\Microsoft SQL Server\130\Tools\Binn\;C:\Program Files\Microsoft SQL Server\Client SDK\ODBC\170\Tools\Binn\;C:\Program Files (x86)\Microsoft SQL Server\100\Tools\Binn\;C:\Program Files\Microsoft SQL Server\100\Tools\Binn\;C:\Program Files\Microsoft SQL Server\100\DTS\Binn\;C:\ADB\;C:\Program Files\nodejs\;% M2%;E:\apache-maven-3.6.3;E:\apache-maven-3.6.3\bin;;C:\WINDOWS\system32;C:\WINDOWS;C:\WINDOWS\System32\Wbem;C:\WINDOWS\System32\WindowsPowerShell\v1.0\;C:\WINDOWS\System32\OpenSSH\;C:\Program Files\MySQL\MySQL Shell 8.0\bin\;C:\Users\harolt\AppData\Local\Microsoft\WindowsApps;;C:\Users\harolt\AppData\Roaming\npm;C:\Program Files (x86)\Jar2Exe Wizard\;C:\Users\harolt\AppData\Local\Programs\Microsoft VS Code\bin
USERNAME=harolt
LANG=es_ES.UTF-8
OS=Windows_NT
PROCESSOR_IDENTIFIER=Intel64 Family 6 Model 165 Stepping 2, GenuineIntel
TMP=C:\Users\harolt\AppData\Local\Temp
TEMP=C:\Users\harolt\AppData\Local\Temp



---------------  S Y S T E M  ---------------

OS:
 Windows 11 , 64 bit Build 22621 (10.0.22621.1105)
OS uptime: 0 days 10:34 hours
Hyper-V role detected

CPU: total 8 (initial active 8) (4 cores per cpu, 2 threads per core) family 6 model 165 stepping 2 microcode 0xea, cx8, cmov, fxsr, ht, mmx, 3dnowpref, sse, sse2, sse3, ssse3, sse4.1, sse4.2, popcnt, lzcnt, tsc, tscinvbit, avx, avx2, aes, erms, clmul, bmi1, bmi2, adx, fma, vzeroupper, clflush, clflushopt, hv

Memory: 4k page, system-wide physical 8023M (1172M free)
TotalPageFile size 18511M (AvailPageFile size 79M)
current process WorkingSet (physical memory assigned to process): 11M, peak: 11M
current process commit charge ("private bytes"): 60M, peak: 186M

vm_info: OpenJDK 64-Bit Server VM (17.0.5+8-LTS) for windows-amd64 JRE (17.0.5+8-LTS), built on Oct 18 2022 21:39:32 by "" with MS VC++ 16.10 / 16.11 (VS2019)

END.
